2024-05-29 17:09:03,525 - __main__ - INFO - Starting the script.
2024-05-29 17:09:07,382 - __main__ - INFO - Copied template to new document with ID: 1eMM4DYLKqAnUiHw4AnZDTZA8FdrO7x1MiWi5HELKyeI
2024-05-29 17:09:08,062 - __main__ - INFO - Replaced placeholders in the document.
2024-05-29 17:09:08,767 - __main__ - INFO - Deleted existing file with ID: 1FsuLJWbDsHC5gy5FYB0ntXgCt6PgMPWM
2024-05-29 17:09:09,481 - __main__ - INFO - Exported document to PDF.
2024-05-29 17:09:10,525 - __main__ - INFO - Uploaded new CV.pdf with ID: 1C-5gQhAU157fLwxcd1oFJDqDT567C9mr
2024-05-29 17:09:10,948 - __main__ - INFO - Deleted temporary document.
2024-05-29 17:34:48,671 - __main__ - INFO - Starting the script.
2024-05-29 17:34:52,821 - __main__ - INFO - Copied template to new document with ID: 16wl-5QY_n06zKRHjmQzvLqd3ChNbfs_BWKMbV7p-T_Y
2024-05-29 17:34:53,359 - __main__ - INFO - Replaced placeholders in the document.
2024-05-29 17:34:54,006 - __main__ - INFO - Deleted existing file with ID: 1_JzNutRIOYPGBRH2g30kYKo7bc1RqLvl
2024-05-29 17:34:54,620 - __main__ - INFO - Exported document to PDF.
2024-05-29 17:34:55,695 - __main__ - INFO - Uploaded new CV.pdf with ID: 1KtKV0mOAy46Tj7cPuf6GTDQLHK5ovnlZ
2024-05-29 17:34:56,082 - __main__ - INFO - Deleted temporary document.
2024-05-29 22:29:27,290 - __main__ - INFO - Starting the script.
2024-05-29 22:29:31,263 - __main__ - INFO - Copied template to new document with ID: 1jdNIfokKhz0zLWem1GR34oNE8hou1Oik13f-PjiImW4
2024-05-29 22:29:31,830 - __main__ - INFO - Replaced placeholders in the document.
2024-05-29 22:29:32,468 - __main__ - INFO - Deleted existing file with ID: 1KtKV0mOAy46Tj7cPuf6GTDQLHK5ovnlZ
2024-05-29 22:29:33,058 - __main__ - INFO - Exported document to PDF.
2024-05-29 22:29:34,224 - __main__ - INFO - Uploaded new CV.pdf with ID: 12w-pcdOqdwVuaX8bLPIcCFxHLvRe4MlR
2024-05-29 22:29:34,544 - __main__ - INFO - Deleted temporary document.
2024-05-30 00:53:51,382 - __main__ - INFO - Starting the script.
2024-05-30 00:53:55,683 - __main__ - INFO - Copied template to new document with ID: 1Kr-7bWK6rWKBn20Bgrmbz8GzoYDp0Hqri55g_eYRd68
2024-05-30 00:53:56,426 - __main__ - INFO - Replaced placeholders in the document.
2024-05-30 00:53:57,149 - __main__ - INFO - Deleted existing file with ID: 1Hxx73F5_xMW2xnDyf_FmesJ_dVQ8nsrx
2024-05-30 00:53:57,858 - __main__ - INFO - Exported document to PDF.
2024-05-30 00:53:58,852 - __main__ - INFO - Uploaded new CV.pdf with ID: 12I_vCfPmMJlJZ2h0KT4EQGEPZGBbw15L
2024-05-30 00:53:59,272 - __main__ - INFO - Deleted temporary document.
